<?xml version="1.0" encoding="UTF-8"?>
<!-- Generated by org.testng.reporters.JUnitReportReporter -->
<testsuite hostname="LAPTOP-4PCOUT3C" failures="0" tests="1" name="pPack.DemoTwoTest" time="0.010" errors="0" timestamp="2023-03-17T17:12:50 CET" skipped="0">
  <testcase classname="pPack.DemoTwoTest" name="mTwo" time="0.010"/>
  <system-out/>
</testsuite> <!-- pPack.DemoTwoTest -->
