<?xml version="1.0" encoding="UTF-8"?>
<!-- Generated by org.testng.reporters.JUnitReportReporter -->
<testsuite hostname="LAPTOP-4PCOUT3C" failures="0" tests="1" name="pPack.Demo" time="11.620" errors="0" timestamp="2023-03-01T19:13:14 CET" skipped="0">
  <testcase classname="pPack.Demo" name="loginTest" time="11.620"/>
  <system-out/>
</testsuite> <!-- pPack.Demo -->
